<?xml version="1.0" encoding="UTF-8"?>
<testsuite name="it.uniroma2.sdcc.cini.ApplicationTests" time="0.012" tests="1" errors="1" skipped="0" failures="0">
  <properties>
[...]
</properties>
  <testcase name="initializationError" classname="it.uniroma2.sdcc.cini.ApplicationTests" time="0.012">
    <error message="Unable to find a @SpringBootConfiguration, you need to use @ContextConfiguration or @SpringBootTest(classes=...) with your test" type="java.lang.IllegalStateException"><![CDATA[java.lang.IllegalStateException: Unable to find a @SpringBootConfiguration, you need to use @ContextConfiguration or @SpringBootTest(classes=...) with your test
	at org.springframework.util.Assert.state(Assert.java:70)
	at org.springframework.boot.test.context.SpringBootTestContextBootstrapper.getOrFindConfigurationClasses(SpringBootTestContextBootstrapper.java:173)
	at org.springframework.boot.test.context.SpringBootTestContextBootstrapper.processMergedContextConfiguration(SpringBootTestContextBootstrapper.java:133)
	at org.springframework.test.context.support.AbstractTestContextBootstrapper.buildMergedContextConfiguration(AbstractTestContextBootstrapper.java:409)
	at org.springframework.test.context.support.AbstractTestContextBootstrapper.buildDefaultMergedContextConfiguration(AbstractTestContextBootstrapper.java:323)
	at org.springframework.test.context.support.AbstractTestContextBootstrapper.buildMergedContextConfiguration(AbstractTestContextBootstrapper.java:277)
	at org.springframework.test.context.support.AbstractTestContextBootstrapper.buildTestContext(AbstractTestContextBootstrapper.java:112)
	at org.springframework.boot.test.context.SpringBootTestContextBootstrapper.buildTestContext(SpringBootTestContextBootstrapper.java:78)
	at org.springframework.test.context.TestContextManager.<init>(TestContextManager.java:120)
	at org.springframework.test.context.TestContextManager.<init>(TestContextManager.java:105)
	at org.springframework.test.context.junit4.SpringJUnit4ClassRunner.createTestContextManager(SpringJUnit4ClassRunner.java:152)
	at org.springframework.test.context.junit4.SpringJUnit4ClassRunner.<init>(SpringJUnit4ClassRunner.java:143)
	at org.springframework.test.context.junit4.SpringRunner.<init>(SpringRunner.java:49)
	at sun.reflect.NativeConstructorAccessorImpl.newInstance0(Native Method)
	at sun.reflect.NativeConstructorAccessorImpl.newInstance(NativeConstructorAccessorImpl.java:62)
	at sun.reflect.DelegatingConstructorAccessorImpl.newInstance(DelegatingConstructorAccessorImpl.java:45)
	at java.lang.reflect.Constructor.newInstance(Constructor.java:423)
	at org.junit.internal.builders.AnnotatedBuilder.buildRunner(AnnotatedBuilder.java:104)
	at org.junit.internal.builders.AnnotatedBuilder.runnerForClass(AnnotatedBuilder.java:86)
	at org.junit.runners.model.RunnerBuilder.safeRunnerForClass(RunnerBuilder.java:59)
	at org.junit.internal.builders.AllDefaultPossibilitiesBuilder.runnerForClass(AllDefaultPossibilitiesBuilder.java:26)
	at org.junit.runners.model.RunnerBuilder.safeRunnerForClass(RunnerBuilder.java:59)
	at org.junit.internal.requests.ClassRequest.getRunner(ClassRequest.java:33)
	at org.apache.maven.surefire.junit4.JUnit4Provider.execute(JUnit4Provider.java:283)
	at org.apache.maven.surefire.junit4.JUnit4Provider.executeWithRerun(JUnit4Provider.java:173)
	at org.apache.maven.surefire.junit4.JUnit4Provider.executeTestSet(JUnit4Provider.java:153)
	at org.apache.maven.surefire.junit4.JUnit4Provider.invoke(JUnit4Provider.java:128)
	at org.apache.maven.surefire.booter.ForkedBooter.invokeProviderInSameClassLoader(ForkedBooter.java:203)
	at org.apache.maven.surefire.booter.ForkedBooter.runSuitesInProcess(ForkedBooter.java:155)
	at org.apache.maven.surefire.booter.ForkedBooter.main(ForkedBooter.java:103)
]]></error>
    <system-out><![CDATA[15:36:59.069 [main] DEBUG org.springframework.test.context.junit4.SpringJUnit4ClassRunner - SpringJUnit4ClassRunner constructor called with [class it.uniroma2.sdcc.cini.ApplicationTests]
15:36:59.079 [main] DEBUG org.springframework.test.context.BootstrapUtils - Instantiating CacheAwareContextLoaderDelegate from class [org.springframework.test.context.cache.DefaultCacheAwareContextLoaderDelegate]
15:36:59.109 [main] DEBUG org.springframework.test.context.BootstrapUtils - Instantiating BootstrapContext using constructor [public org.springframework.test.context.support.DefaultBootstrapContext(java.lang.Class,org.springframework.test.context.CacheAwareContextLoaderDelegate)]
15:36:59.132 [main] DEBUG org.springframework.test.context.BootstrapUtils - Instantiating TestContextBootstrapper for test class [it.uniroma2.sdcc.cini.ApplicationTests] from class [org.springframework.boot.test.context.SpringBootTestContextBootstrapper]
15:36:59.148 [main] INFO org.springframework.boot.test.context.SpringBootTestContextBootstrapper - Neither @ContextConfiguration nor @ContextHierarchy found for test class [it.uniroma2.sdcc.cini.ApplicationTests], using SpringBootContextLoader
15:36:59.151 [main] DEBUG org.springframework.test.context.support.AbstractContextLoader - Did not detect default resource location for test class [it.uniroma2.sdcc.cini.ApplicationTests]: class path resource [it/uniroma2/sdcc/cini/ApplicationTests-context.xml] does not exist
15:36:59.151 [main] DEBUG org.springframework.test.context.support.AbstractContextLoader - Did not detect default resource location for test class [it.uniroma2.sdcc.cini.ApplicationTests]: class path resource [it/uniroma2/sdcc/cini/ApplicationTestsContext.groovy] does not exist
15:36:59.152 [main] INFO org.springframework.test.context.support.AbstractContextLoader - Could not detect default resource locations for test class [it.uniroma2.sdcc.cini.ApplicationTests]: no resource found for suffixes {-context.xml, Context.groovy}.
15:36:59.163 [main] INFO org.springframework.test.context.support.AnnotationConfigContextLoaderUtils - Could not detect default configuration classes for test class [it.uniroma2.sdcc.cini.ApplicationTests]: ApplicationTests does not declare any static, non-private, non-final, nested classes annotated with @Configuration.
15:36:59.368 [main] DEBUG org.springframework.test.context.support.ActiveProfilesUtils - Could not find an 'annotation declaring class' for annotation type [org.springframework.test.context.ActiveProfiles] and class [it.uniroma2.sdcc.cini.ApplicationTests]
15:36:59.427 [main] DEBUG org.springframework.core.env.StandardEnvironment - Adding [systemProperties] PropertySource with lowest search precedence
15:36:59.438 [main] DEBUG org.springframework.core.env.StandardEnvironment - Adding [systemEnvironment] PropertySource with lowest search precedence
15:36:59.441 [main] DEBUG org.springframework.core.env.StandardEnvironment - Initialized StandardEnvironment with PropertySources [systemProperties,systemEnvironment]
15:36:59.483 [main] DEBUG org.springframework.core.io.support.PathMatchingResourcePatternResolver - Resolved classpath location [it/uniroma2/sdcc/cini/] to resources [URL [file:/home/valerio/springexample/target/test-classes/it/uniroma2/sdcc/cini/]]
15:36:59.484 [main] DEBUG org.springframework.core.io.support.PathMatchingResourcePatternResolver - Looking for matching resources in directory tree [/home/valerio/springexample/target/test-classes/it/uniroma2/sdcc/cini]
15:36:59.484 [main] DEBUG org.springframework.core.io.support.PathMatchingResourcePatternResolver - Searching directory [/home/valerio/springexample/target/test-classes/it/uniroma2/sdcc/cini] for files matching pattern [/home/valerio/springexample/target/test-classes/it/uniroma2/sdcc/cini/*.class]
15:36:59.493 [main] DEBUG org.springframework.core.io.support.PathMatchingResourcePatternResolver - Resolved location pattern [classpath*:it/uniroma2/sdcc/cini/*.class] to resources [file [/home/valerio/springexample/target/test-classes/it/uniroma2/sdcc/cini/ApplicationTests.class]]
15:36:59.542 [main] DEBUG org.springframework.core.io.support.PathMatchingResourcePatternResolver - Resolved classpath location [it/uniroma2/sdcc/] to resources [URL [file:/home/valerio/springexample/target/test-classes/it/uniroma2/sdcc/]]
15:36:59.542 [main] DEBUG org.springframework.core.io.support.PathMatchingResourcePatternResolver - Looking for matching resources in directory tree [/home/valerio/springexample/target/test-classes/it/uniroma2/sdcc]
15:36:59.542 [main] DEBUG org.springframework.core.io.support.PathMatchingResourcePatternResolver - Searching directory [/home/valerio/springexample/target/test-classes/it/uniroma2/sdcc] for files matching pattern [/home/valerio/springexample/target/test-classes/it/uniroma2/sdcc/*.class]
15:36:59.542 [main] DEBUG org.springframework.core.io.support.PathMatchingResourcePatternResolver - Resolved location pattern [classpath*:it/uniroma2/sdcc/*.class] to resources []
15:36:59.543 [main] DEBUG org.springframework.core.io.support.PathMatchingResourcePatternResolver - Resolved classpath location [it/uniroma2/] to resources [URL [file:/home/valerio/springexample/target/test-classes/it/uniroma2/]]
15:36:59.543 [main] DEBUG org.springframework.core.io.support.PathMatchingResourcePatternResolver - Looking for matching resources in directory tree [/home/valerio/springexample/target/test-classes/it/uniroma2]
15:36:59.543 [main] DEBUG org.springframework.core.io.support.PathMatchingResourcePatternResolver - Searching directory [/home/valerio/springexample/target/test-classes/it/uniroma2] for files matching pattern [/home/valerio/springexample/target/test-classes/it/uniroma2/*.class]
15:36:59.543 [main] DEBUG org.springframework.core.io.support.PathMatchingResourcePatternResolver - Resolved location pattern [classpath*:it/uniroma2/*.class] to resources []
15:36:59.543 [main] DEBUG org.springframework.core.io.support.PathMatchingResourcePatternResolver - Resolved classpath location [it/] to resources [URL [file:/home/valerio/springexample/target/test-classes/it/]]
15:36:59.544 [main] DEBUG org.springframework.core.io.support.PathMatchingResourcePatternResolver - Looking for matching resources in directory tree [/home/valerio/springexample/target/test-classes/it]
15:36:59.544 [main] DEBUG org.springframework.core.io.support.PathMatchingResourcePatternResolver - Searching directory [/home/valerio/springexample/target/test-classes/it] for files matching pattern [/home/valerio/springexample/target/test-classes/it/*.class]
15:36:59.544 [main] DEBUG org.springframework.core.io.support.PathMatchingResourcePatternResolver - Resolved location pattern [classpath*:it/*.class] to resources []
15:36:59.549 [main] DEBUG org.springframework.test.context.junit4.SpringJUnit4ClassRunner - SpringJUnit4ClassRunner constructor called with [class it.uniroma2.sdcc.cini.ApplicationTests]
15:36:59.549 [main] DEBUG org.springframework.test.context.BootstrapUtils - Instantiating CacheAwareContextLoaderDelegate from class [org.springframework.test.context.cache.DefaultCacheAwareContextLoaderDelegate]
15:36:59.549 [main] DEBUG org.springframework.test.context.BootstrapUtils - Instantiating BootstrapContext using constructor [public org.springframework.test.context.support.DefaultBootstrapContext(java.lang.Class,org.springframework.test.context.CacheAwareContextLoaderDelegate)]
15:36:59.550 [main] DEBUG org.springframework.test.context.BootstrapUtils - Instantiating TestContextBootstrapper for test class [it.uniroma2.sdcc.cini.ApplicationTests] from class [org.springframework.boot.test.context.SpringBootTestContextBootstrapper]
15:36:59.550 [main] INFO org.springframework.boot.test.context.SpringBootTestContextBootstrapper - Neither @ContextConfiguration nor @ContextHierarchy found for test class [it.uniroma2.sdcc.cini.ApplicationTests], using SpringBootContextLoader
15:36:59.551 [main] DEBUG org.springframework.test.context.support.AbstractContextLoader - Did not detect default resource location for test class [it.uniroma2.sdcc.cini.ApplicationTests]: class path resource [it/uniroma2/sdcc/cini/ApplicationTests-context.xml] does not exist
15:36:59.551 [main] DEBUG org.springframework.test.context.support.AbstractContextLoader - Did not detect default resource location for test class [it.uniroma2.sdcc.cini.ApplicationTests]: class path resource [it/uniroma2/sdcc/cini/ApplicationTestsContext.groovy] does not exist
15:36:59.551 [main] INFO org.springframework.test.context.support.AbstractContextLoader - Could not detect default resource locations for test class [it.uniroma2.sdcc.cini.ApplicationTests]: no resource found for suffixes {-context.xml, Context.groovy}.
15:36:59.551 [main] INFO org.springframework.test.context.support.AnnotationConfigContextLoaderUtils - Could not detect default configuration classes for test class [it.uniroma2.sdcc.cini.ApplicationTests]: ApplicationTests does not declare any static, non-private, non-final, nested classes annotated with @Configuration.
15:36:59.562 [main] DEBUG org.springframework.test.context.support.ActiveProfilesUtils - Could not find an 'annotation declaring class' for annotation type [org.springframework.test.context.ActiveProfiles] and class [it.uniroma2.sdcc.cini.ApplicationTests]
15:36:59.562 [main] DEBUG org.springframework.core.env.StandardEnvironment - Adding [systemProperties] PropertySource with lowest search precedence
15:36:59.562 [main] DEBUG org.springframework.core.env.StandardEnvironment - Adding [systemEnvironment] PropertySource with lowest search precedence
15:36:59.563 [main] DEBUG org.springframework.core.env.StandardEnvironment - Initialized StandardEnvironment with PropertySources [systemProperties,systemEnvironment]
15:36:59.563 [main] DEBUG org.springframework.core.io.support.PathMatchingResourcePatternResolver - Resolved classpath location [it/uniroma2/sdcc/cini/] to resources [URL [file:/home/valerio/springexample/target/test-classes/it/uniroma2/sdcc/cini/]]
15:36:59.563 [main] DEBUG org.springframework.core.io.support.PathMatchingResourcePatternResolver - Looking for matching resources in directory tree [/home/valerio/springexample/target/test-classes/it/uniroma2/sdcc/cini]
15:36:59.563 [main] DEBUG org.springframework.core.io.support.PathMatchingResourcePatternResolver - Searching directory [/home/valerio/springexample/target/test-classes/it/uniroma2/sdcc/cini] for files matching pattern [/home/valerio/springexample/target/test-classes/it/uniroma2/sdcc/cini/*.class]
15:36:59.564 [main] DEBUG org.springframework.core.io.support.PathMatchingResourcePatternResolver - Resolved location pattern [classpath*:it/uniroma2/sdcc/cini/*.class] to resources [file [/home/valerio/springexample/target/test-classes/it/uniroma2/sdcc/cini/ApplicationTests.class]]
15:36:59.565 [main] DEBUG org.springframework.core.io.support.PathMatchingResourcePatternResolver - Resolved classpath location [it/uniroma2/sdcc/] to resources [URL [file:/home/valerio/springexample/target/test-classes/it/uniroma2/sdcc/]]
15:36:59.565 [main] DEBUG org.springframework.core.io.support.PathMatchingResourcePatternResolver - Looking for matching resources in directory tree [/home/valerio/springexample/target/test-classes/it/uniroma2/sdcc]
15:36:59.565 [main] DEBUG org.springframework.core.io.support.PathMatchingResourcePatternResolver - Searching directory [/home/valerio/springexample/target/test-classes/it/uniroma2/sdcc] for files matching pattern [/home/valerio/springexample/target/test-classes/it/uniroma2/sdcc/*.class]
15:36:59.565 [main] DEBUG org.springframework.core.io.support.PathMatchingResourcePatternResolver - Resolved location pattern [classpath*:it/uniroma2/sdcc/*.class] to resources []
15:36:59.566 [main] DEBUG org.springframework.core.io.support.PathMatchingResourcePatternResolver - Resolved classpath location [it/uniroma2/] to resources [URL [file:/home/valerio/springexample/target/test-classes/it/uniroma2/]]
15:36:59.566 [main] DEBUG org.springframework.core.io.support.PathMatchingResourcePatternResolver - Looking for matching resources in directory tree [/home/valerio/springexample/target/test-classes/it/uniroma2]
15:36:59.566 [main] DEBUG org.springframework.core.io.support.PathMatchingResourcePatternResolver - Searching directory [/home/valerio/springexample/target/test-classes/it/uniroma2] for files matching pattern [/home/valerio/springexample/target/test-classes/it/uniroma2/*.class]
15:36:59.566 [main] DEBUG org.springframework.core.io.support.PathMatchingResourcePatternResolver - Resolved location pattern [classpath*:it/uniroma2/*.class] to resources []
15:36:59.566 [main] DEBUG org.springframework.core.io.support.PathMatchingResourcePatternResolver - Resolved classpath location [it/] to resources [URL [file:/home/valerio/springexample/target/test-classes/it/]]
15:36:59.566 [main] DEBUG org.springframework.core.io.support.PathMatchingResourcePatternResolver - Looking for matching resources in directory tree [/home/valerio/springexample/target/test-classes/it]
15:36:59.566 [main] DEBUG org.springframework.core.io.support.PathMatchingResourcePatternResolver - Searching directory [/home/valerio/springexample/target/test-classes/it] for files matching pattern [/home/valerio/springexample/target/test-classes/it/*.class]
15:36:59.567 [main] DEBUG org.springframework.core.io.support.PathMatchingResourcePatternResolver - Resolved location pattern [classpath*:it/*.class] to resources []
]]></system-out>
  </testcase>
</testsuite>